D:\COCOS2D-X\COCOS2D-X-3.1.1\TESTS\COCOCOGAME\PROJ.WIN32\RELEASE.WIN32\MAIN.OBJ
D:\COCOS2D-X\COCOS2D-X-3.1.1\TESTS\COCOCOGAME\PROJ.WIN32\RELEASE.WIN32\HELLOWORLDSCENE.OBJ
D:\COCOS2D-X\COCOS2D-X-3.1.1\TESTS\COCOCOGAME\PROJ.WIN32\RELEASE.WIN32\APPDELEGATE.OBJ
D:\COCOS2D-X\COCOS2D-X-3.1.1\TESTS\COCOCOGAME\PROJ.WIN32\RELEASE.WIN32\VC110.PDB
D:\COCOS2D-X\COCOS2D-X-3.1.1\BUILD\RELEASE.WIN32\COCOCOGAME.EXE
D:\COCOS2D-X\COCOS2D-X-3.1.1\BUILD\RELEASE.WIN32\COCOCOGAME.PDB
D:\cocos2d-x\cocos2d-x-3.1.1\tests\cococogame\proj.win32\Release.win32\cpp-empty-test.vcxprojResolveAssemblyReference.cache
D:\cocos2d-x\cocos2d-x-3.1.1\tests\cococogame\proj.win32\Release.win32\AppDelegate.obj
D:\cocos2d-x\cocos2d-x-3.1.1\tests\cococogame\proj.win32\Release.win32\HelloWorldScene.obj
D:\cocos2d-x\cocos2d-x-3.1.1\tests\cococogame\proj.win32\Release.win32\main.obj
D:\cocos2d-x\cocos2d-x-3.1.1\tests\cococogame\proj.win32\Release.win32\cl.command.1.tlog
D:\cocos2d-x\cocos2d-x-3.1.1\tests\cococogame\proj.win32\Release.win32\CL.read.1.tlog
D:\cocos2d-x\cocos2d-x-3.1.1\tests\cococogame\proj.win32\Release.win32\CL.write.1.tlog
D:\cocos2d-x\cocos2d-x-3.1.1\tests\cococogame\proj.win32\Release.win32\link-cvtres.read.1.tlog
D:\cocos2d-x\cocos2d-x-3.1.1\tests\cococogame\proj.win32\Release.win32\link-cvtres.write.1.tlog
D:\cocos2d-x\cocos2d-x-3.1.1\tests\cococogame\proj.win32\Release.win32\link-rc.read.1.tlog
D:\cocos2d-x\cocos2d-x-3.1.1\tests\cococogame\proj.win32\Release.win32\link-rc.write.1.tlog
D:\cocos2d-x\cocos2d-x-3.1.1\tests\cococogame\proj.win32\Release.win32\link.command.1.tlog
D:\cocos2d-x\cocos2d-x-3.1.1\tests\cococogame\proj.win32\Release.win32\link.read.1.tlog
D:\cocos2d-x\cocos2d-x-3.1.1\tests\cococogame\proj.win32\Release.win32\link.write.1.tlog
D:\cocos2d-x\cocos2d-x-3.1.1\tests\cococogame\proj.win32\Release.win32\vc110.pdb
D:\cocos2d-x\cocos2d-x-3.1.1\build\Release.win32\cococogame.pdb
D:\cocos2d-x\cocos2d-x-3.1.1\build\Release.win32\cococogame.exe
